\BOOKMARK [1][-]{section.1}{Monday, September 13}{}% 1
\BOOKMARK [1][-]{section.2}{Wednesday, September 15}{}% 2
\BOOKMARK [1][-]{section.3}{Monday, October 4th, 2021}{}% 3
\BOOKMARK [1][-]{section.4}{CW Complexes}{}% 4
\BOOKMARK [2][-]{subsection.4.1}{A digression on topology and based spaces}{section.4}% 5
\BOOKMARK [2][-]{subsection.4.2}{Returning to Spaces}{section.4}% 6
\BOOKMARK [2][-]{subsection.4.3}{New CW complexes from old}{section.4}% 7
\BOOKMARK [1][-]{section.5}{Wednesday, October 6th, 2021}{}% 8
\BOOKMARK [2][-]{subsection.5.1}{Projective space}{section.5}% 9
\BOOKMARK [2][-]{subsection.5.2}{Grassmanians}{section.5}% 10
\BOOKMARK [2][-]{subsection.5.3}{Return to the proof of excision}{section.5}% 11
\BOOKMARK [1][-]{section.6}{Monday, October 11th 2021}{}% 12
\BOOKMARK [1][-]{section.7}{Wednesday October 13th, 2021}{}% 13
\BOOKMARK [2][-]{subsection.7.1}{Cofibrations}{section.7}% 14
\BOOKMARK [2][-]{subsection.7.2}{A digression on Base Points}{section.7}% 15
\BOOKMARK [1][-]{section.8}{October 20th}{}% 16
\BOOKMARK [2][-]{subsection.8.1}{Return to the cofiber sequences}{section.8}% 17
\BOOKMARK [2][-]{subsection.8.2}{Dualizing}{section.8}% 18
\BOOKMARK [2][-]{subsection.8.3}{Homotopy Groups}{section.8}% 19
\BOOKMARK [1][-]{section.9}{October 25th}{}% 20
\BOOKMARK [2][-]{subsection.9.1}{Interaction between Homotopy Groups and Cohomology.}{section.9}% 21
\BOOKMARK [1][-]{section.10}{October 27th, 2021}{}% 22
\BOOKMARK [2][-]{subsection.10.1}{Moore Spaces}{section.10}% 23
\BOOKMARK [2][-]{subsection.10.2}{Cohomology}{section.10}% 24
\BOOKMARK [1][-]{section.11}{November 3rd, 2021}{}% 25
\BOOKMARK [2][-]{subsection.11.1}{Poincare Duality}{section.11}% 26
\BOOKMARK [2][-]{subsection.11.2}{Poincare Duality continued}{section.11}% 27
